Arguments: 
  /usr/bin/node /usr/bin/yarn init

PATH: 
  /home/nemanjan00/.yarn/bin:/usr/local/sbin:/usr/local/bin:/usr/bin:/usr/lib/jvm/default/bin:/usr/bin/site_perl:/usr/bin/vendor_perl:/usr/bin/core_perl:/home/nemanjan00/.antigen/bundles/robbyrussell/oh-my-zsh/plugins/adb:/opt/android-sdk/tools:/usr/lib/jvm/java-7-openjdk/bin/:/home/nemanjan00/.gem/ruby/2.4.0/bin:/home/nemanjan00/.composer/vendor/bin:/home/nemanjan00/.gem/ruby/2.2.0/bin:/home/nemanjan00/.rvm/bin

Yarn version: 
  1.1.0

Node version: 
  8.7.0

Platform: 
  linux x64

npm manifest: 
  No manifest

yarn manifest: 
  No manifest

Lockfile: 
  No lockfile

Trace: 
  Error: canceled
      at Interface.<anonymous> (/usr/lib/node_modules/yarn/lib/cli.js:119877:13)
      at emitNone (events.js:105:13)
      at Interface.emit (events.js:207:7)
      at Interface._ttyWrite (readline.js:775:16)
      at ReadStream.onkeypress (readline.js:160:10)
      at emitTwo (events.js:125:13)
      at ReadStream.emit (events.js:213:7)
      at emitKeys (internal/readline.js:420:14)
      at emitKeys.next (<anonymous>)
      at ReadStream.onData (readline.js:1011:36)
